<?xml version="1.0" encoding="UTF-8"?>
<testng-results ignored="0" total="1" passed="1" failed="0" skipped="0">
  <reporter-output>
  </reporter-output>
  <suite started-at="2022-12-06T16:20:27Z" name="Default suite" finished-at="2022-12-06T16:21:04Z" duration-ms="36438">
    <groups>
    </groups>
    <test started-at="2022-12-06T16:20:27Z" name="Default test" finished-at="2022-12-06T16:21:04Z" duration-ms="36438">
      <class name="TestSuite.Travel">
        <test-method signature="testing()[pri:0, instance:TestSuite.Travel@75d3a5e0]" started-at="2022-12-06T16:20:27Z" name="testing" finished-at="2022-12-06T16:21:04Z" duration-ms="36394" status="PASS">
          <reporter-output>
          </reporter-output>
        </test-method> <!-- testing -->
      </class> <!-- TestSuite.Travel -->
    </test> <!-- Default test -->
  </suite> <!-- Default suite -->
</testng-results>
